2012-01-11 14:46:23,312 [Worker-8] INFO  o.e.m.c.i.i.nexus.NexusIndexManager - Updating index for repository: central|http://repo1.maven.org/maven2
2012-01-11 14:46:25,099 [Worker-8] ERROR o.e.m.c.i.i.nexus.NexusIndexManager - Unable to update index for central|http://repo1.maven.org/maven2
java.io.IOException: null to http://repo1.maven.org/maven2/.index/nexus-maven-repository-index.properties
	at org.eclipse.m2e.core.internal.index.nexus.AsyncFetcher$PipedErrorInputStream.checkError(AsyncFetcher.java:253) ~[org.eclipse.m2e.core_1.0.100.20110804-1717.jar:na]
	at org.eclipse.m2e.core.internal.index.nexus.AsyncFetcher$PipedErrorInputStream.read(AsyncFetcher.java:259) ~[org.eclipse.m2e.core_1.0.100.20110804-1717.jar:na]
	at java.io.PipedInputStream.read(PipedInputStream.java:361) ~[na:1.6.0_29]
	at java.io.InputStream.read(InputStream.java:82) ~[na:1.6.0_29]
	at java.util.Properties$LineReader.readLine(Properties.java:418) ~[na:1.6.0_29]
	at java.util.Properties.load0(Properties.java:337) ~[na:1.6.0_29]
	at java.util.Properties.load(Properties.java:325) ~[na:1.6.0_29]
	at org.apache.maven.index.updater.DefaultIndexUpdater.downloadIndexProperties(DefaultIndexUpdater.java:457) ~[indexer-core-3.1.0.jar:3.1.0]
	at org.apache.maven.index.updater.DefaultIndexUpdater.access$100(DefaultIndexUpdater.java:75) ~[indexer-core-3.1.0.jar:3.1.0]
	at org.apache.maven.index.updater.DefaultIndexUpdater$IndexAdaptor.setProperties(DefaultIndexUpdater.java:607) ~[indexer-core-3.1.0.jar:3.1.0]
	at org.apache.maven.index.updater.DefaultIndexUpdater.fetchAndUpdateIndex(DefaultIndexUpdater.java:788) ~[indexer-core-3.1.0.jar:3.1.0]
	at org.apache.maven.index.updater.DefaultIndexUpdater.fetchAndUpdateIndex(DefaultIndexUpdater.java:135) ~[indexer-core-3.1.0.jar:3.1.0]
	at org.eclipse.m2e.core.internal.index.nexus.NexusIndexManager.updateRemoteIndex(NexusIndexManager.java:1124) [org.eclipse.m2e.core_1.0.100.20110804-1717.jar:na]
	at org.eclipse.m2e.core.internal.index.nexus.NexusIndexManager.updateIndex(NexusIndexManager.java:1081) [org.eclipse.m2e.core_1.0.100.20110804-1717.jar:na]
	at org.eclipse.m2e.core.internal.index.nexus.NexusIndexManager$1.run(NexusIndexManager.java:658) [org.eclipse.m2e.core_1.0.100.20110804-1717.jar:na]
	at org.eclipse.m2e.core.internal.index.nexus.IndexUpdaterJob.run(IndexUpdaterJob.java:71) [org.eclipse.m2e.core_1.0.100.20110804-1717.jar:na]
	at org.eclipse.core.internal.jobs.Worker.run(Worker.java:54) [org.eclipse.core.jobs_3.5.100.v20110404.jar:na]
Caused by: java.net.ConnectException: null to http://repo1.maven.org/maven2/.index/nexus-maven-repository-index.properties
	at com.ning.http.client.providers.netty.NettyConnectListener.operationComplete(NettyConnectListener.java:83) ~[async-http-client-1.6.3.jar:na]
	at com.ning.http.client.providers.netty.NettyAsyncHttpProvider.doConnect(NettyAsyncHttpProvider.java:857) ~[async-http-client-1.6.3.jar:na]
	at com.ning.http.client.providers.netty.NettyAsyncHttpProvider.execute(NettyAsyncHttpProvider.java:731) ~[async-http-client-1.6.3.jar:na]
	at com.ning.http.client.AsyncHttpClient.executeRequest(AsyncHttpClient.java:484) ~[async-http-client-1.6.3.jar:na]
	at com.ning.http.client.SimpleAsyncHttpClient.execute(SimpleAsyncHttpClient.java:285) ~[async-http-client-1.6.3.jar:na]
	at com.ning.http.client.SimpleAsyncHttpClient.get(SimpleAsyncHttpClient.java:202) ~[async-http-client-1.6.3.jar:na]
	at org.eclipse.m2e.core.internal.index.nexus.AsyncFetcher.retrieve(AsyncFetcher.java:205) ~[org.eclipse.m2e.core_1.0.100.20110804-1717.jar:na]
	at org.apache.maven.index.updater.DefaultIndexUpdater.downloadIndexProperties(DefaultIndexUpdater.java:452) ~[indexer-core-3.1.0.jar:3.1.0]
	... 9 common frames omitted
Caused by: java.nio.channels.UnresolvedAddressException: null
	at sun.nio.ch.Net.checkAddress(Net.java:30) ~[na:1.6.0_29]
	at sun.nio.ch.SocketChannelImpl.connect(SocketChannelImpl.java:480) ~[na:1.6.0_29]
	at org.jboss.netty.channel.socket.nio.NioClientSocketPipelineSink.connect(NioClientSocketPipelineSink.java:140) ~[netty-3.2.4.Final.jar:na]
	at org.jboss.netty.channel.socket.nio.NioClientSocketPipelineSink.eventSunk(NioClientSocketPipelineSink.java:103) ~[netty-3.2.4.Final.jar:na]
	at org.jboss.netty.handler.codec.oneone.OneToOneEncoder.handleDownstream(OneToOneEncoder.java:60) ~[netty-3.2.4.Final.jar:na]
	at org.jboss.netty.handler.codec.http.HttpClientCodec.handleDownstream(HttpClientCodec.java:82) ~[netty-3.2.4.Final.jar:na]
	at org.jboss.netty.handler.stream.ChunkedWriteHandler.handleDownstream(ChunkedWriteHandler.java:114) ~[netty-3.2.4.Final.jar:na]
	at org.jboss.netty.channel.Channels.connect(Channels.java:541) ~[netty-3.2.4.Final.jar:na]
	at org.jboss.netty.channel.AbstractChannel.connect(AbstractChannel.java:218) ~[netty-3.2.4.Final.jar:na]
	at org.jboss.netty.bootstrap.ClientBootstrap.connect(ClientBootstrap.java:227) ~[netty-3.2.4.Final.jar:na]
	at org.jboss.netty.bootstrap.ClientBootstrap.connect(ClientBootstrap.java:188) ~[netty-3.2.4.Final.jar:na]
	at com.ning.http.client.providers.netty.NettyAsyncHttpProvider.doConnect(NettyAsyncHttpProvider.java:836) ~[async-http-client-1.6.3.jar:na]
	... 15 common frames omitted
2012-01-11 14:47:18,039 [Worker-12] INFO  o.e.m.c.i.l.LifecycleMappingFactory - Using org.eclipse.m2e.jdt.JarLifecycleMapping lifecycle mapping for MavenProject: org.energyos.espi:common:0.1.0.BUILD-SNAPSHOT @ /Users/johnt/Documents/EnergyOS_Working/OpenESPI/espi_java/common/pom.xml.
2012-01-11 14:47:21,519 [Worker-13] INFO  o.e.m.c.i.l.LifecycleMappingFactory - Using org.eclipse.m2e.jdt.JarLifecycleMapping lifecycle mapping for MavenProject: org.energyos.espi:common:0.1.0.BUILD-SNAPSHOT @ /Users/johnt/Documents/EnergyOS_Working/OpenESPI/espi_java/common/pom.xml.
2012-01-11 14:47:21,784 [Worker-12] WARN  o.e.m.c.i.embedder.EclipseLogger - The artifact aspectj:aspectjrt:jar:1.5.4 has been relocated to org.aspectj:aspectjrt:jar:1.5.4
2012-01-11 14:47:21,967 [Worker-13] WARN  o.e.m.c.i.embedder.EclipseLogger - The artifact aspectj:aspectjrt:jar:1.5.4 has been relocated to org.aspectj:aspectjrt:jar:1.5.4
2012-01-11 14:47:24,944 [Worker-13] INFO  o.e.m.c.i.embedder.EclipseLogger - Using 'UTF-8' encoding to copy filtered resources.
2012-01-11 14:47:24,951 [Worker-13] INFO  o.e.m.c.i.embedder.EclipseLogger - Copying 0 resource
2012-01-11 14:47:24,954 [Worker-13] INFO  o.e.m.c.i.embedder.EclipseLogger - Using 'UTF-8' encoding to copy filtered resources.
2012-01-11 14:47:24,955 [Worker-13] INFO  o.e.m.c.i.embedder.EclipseLogger - Copying 0 resource
2012-01-11 14:47:26,162 [Worker-13] INFO  o.e.m.c.i.l.LifecycleMappingFactory - Using org.eclipse.m2e.jdt.JarLifecycleMapping lifecycle mapping for MavenProject: org.energyos.espi:common:0.1.0.BUILD-SNAPSHOT @ /Users/johnt/Documents/EnergyOS_Working/OpenESPI/espi_java/common/pom.xml.
2012-01-11 14:47:26,277 [Worker-13] WARN  o.e.m.c.i.embedder.EclipseLogger - The artifact aspectj:aspectjrt:jar:1.5.4 has been relocated to org.aspectj:aspectjrt:jar:1.5.4
2012-01-11 14:47:54,134 [Worker-9] INFO  o.e.m.c.i.l.LifecycleMappingFactory - Using org.maven.ide.eclipse.wtp.WarLifecycleMapping lifecycle mapping for MavenProject: org.energyos.espi.thirdparty:thirdparty:0.1.0.BUILD-SNAPSHOT @ /Users/johnt/Documents/EnergyOS_Working/OpenESPI/espi_java/ThirdParty/pom.xml.
2012-01-11 14:47:57,638 [Worker-9] INFO  o.e.m.c.i.l.LifecycleMappingFactory - Using org.maven.ide.eclipse.wtp.WarLifecycleMapping lifecycle mapping for MavenProject: org.energyos.espi.thirdparty:thirdparty:0.1.0.BUILD-SNAPSHOT @ /Users/johnt/Documents/EnergyOS_Working/OpenESPI/espi_java/ThirdParty/pom.xml.
2012-01-11 14:47:59,032 [Worker-9] INFO  o.e.m.c.i.l.LifecycleMappingFactory - Using org.maven.ide.eclipse.wtp.WarLifecycleMapping lifecycle mapping for MavenProject: org.energyos.espi.thirdparty:thirdparty:0.1.0.BUILD-SNAPSHOT @ /Users/johnt/Documents/EnergyOS_Working/OpenESPI/espi_java/ThirdParty/pom.xml.
2012-01-11 14:48:18,674 [Worker-13] INFO  o.e.m.c.i.l.LifecycleMappingFactory - Using org.maven.ide.eclipse.wtp.WarLifecycleMapping lifecycle mapping for MavenProject: org.energyos.espi.datacustodian:datacustodian:0.1.0.BUILD-SNAPSHOT @ /Users/johnt/Documents/EnergyOS_Working/OpenESPI/espi_java/DataCustodian/pom.xml.
2012-01-11 14:48:19,750 [Worker-13] INFO  o.e.m.c.i.l.LifecycleMappingFactory - Using org.maven.ide.eclipse.wtp.WarLifecycleMapping lifecycle mapping for MavenProject: org.energyos.espi.datacustodian:datacustodian:0.1.0.BUILD-SNAPSHOT @ /Users/johnt/Documents/EnergyOS_Working/OpenESPI/espi_java/DataCustodian/pom.xml.
2012-01-11 14:48:20,561 [Worker-13] INFO  o.e.m.c.i.l.LifecycleMappingFactory - Using org.maven.ide.eclipse.wtp.WarLifecycleMapping lifecycle mapping for MavenProject: org.energyos.espi.datacustodian:datacustodian:0.1.0.BUILD-SNAPSHOT @ /Users/johnt/Documents/EnergyOS_Working/OpenESPI/espi_java/DataCustodian/pom.xml.
2012-01-11 14:48:56,541 [Worker-12] INFO  o.e.m.i.launch.MavenLaunchDelegate - /Users/johnt/Documents/EnergyOS_Working/OpenESPI/espi_java/common
2012-01-11 14:48:56,542 [Worker-12] INFO  o.e.m.i.launch.MavenLaunchDelegate -  mvn -B clean
2012-01-11 14:49:21,906 [Worker-9] INFO  o.e.m.i.launch.MavenLaunchDelegate - /Users/johnt/Documents/EnergyOS_Working/OpenESPI/espi_java/common
2012-01-11 14:49:21,917 [Worker-9] INFO  o.e.m.i.launch.MavenLaunchDelegate -  mvn -B install
2012-01-11 14:50:33,974 [Worker-4] INFO  o.e.m.i.launch.MavenLaunchDelegate - /Users/johnt/Documents/EnergyOS_Working/OpenESPI/espi_java/DataCustodian
2012-01-11 14:50:34,130 [Worker-4] INFO  o.e.m.i.launch.MavenLaunchDelegate -  mvn -B clean
2012-01-11 14:50:45,132 [Worker-13] INFO  o.e.m.i.launch.MavenLaunchDelegate - /Users/johnt/Documents/EnergyOS_Working/OpenESPI/espi_java/DataCustodian
2012-01-11 14:50:45,133 [Worker-13] INFO  o.e.m.i.launch.MavenLaunchDelegate -  mvn -B install
2012-01-11 14:51:36,399 [Worker-12] INFO  o.e.m.i.launch.MavenLaunchDelegate - /Users/johnt/Documents/EnergyOS_Working/OpenESPI/espi_java/ThirdParty
2012-01-11 14:51:36,438 [Worker-12] INFO  o.e.m.i.launch.MavenLaunchDelegate -  mvn -B clean
2012-01-11 14:51:49,213 [Worker-2] INFO  o.e.m.i.launch.MavenLaunchDelegate - /Users/johnt/Documents/EnergyOS_Working/OpenESPI/espi_java/ThirdParty
2012-01-11 14:51:49,214 [Worker-2] INFO  o.e.m.i.launch.MavenLaunchDelegate -  mvn -B install
2012-01-11 14:57:59,775 [Worker-15] INFO  o.e.m.c.u.i.UpdateConfigurationJob - Update started
2012-01-11 14:57:59,924 [Worker-15] INFO  o.e.m.c.i.l.LifecycleMappingFactory - Using org.eclipse.m2e.jdt.JarLifecycleMapping lifecycle mapping for MavenProject: org.energyos.espi:common:0.1.0.BUILD-SNAPSHOT @ /Users/johnt/Documents/EnergyOS_Working/OpenESPI/espi_java/common/pom.xml.
2012-01-11 14:58:00,117 [Worker-15] WARN  o.e.m.c.i.embedder.EclipseLogger - The artifact aspectj:aspectjrt:jar:1.5.4 has been relocated to org.aspectj:aspectjrt:jar:1.5.4
2012-01-11 14:58:01,112 [Worker-15] INFO  o.e.m.j.i.AbstractJavaProjectConfigurator - Adding source folder /common/src/main/java
2012-01-11 14:58:01,115 [Worker-15] INFO  o.e.m.j.i.AbstractJavaProjectConfigurator - Adding resource folder /common/src/main/resources
2012-01-11 14:58:01,115 [Worker-15] INFO  o.e.m.j.i.AbstractJavaProjectConfigurator - Adding source folder /common/src/test/java
2012-01-11 14:58:01,115 [Worker-15] INFO  o.e.m.j.i.AbstractJavaProjectConfigurator - Adding resource folder /common/src/test/resources
2012-01-11 14:58:01,306 [Worker-15] INFO  o.e.m.c.u.i.UpdateConfigurationJob - Update completed: 1 sec
2012-01-11 14:58:02,624 [Worker-2] INFO  o.e.m.c.i.l.LifecycleMappingFactory - Using org.eclipse.m2e.jdt.JarLifecycleMapping lifecycle mapping for MavenProject: org.energyos.espi:common:0.1.0.BUILD-SNAPSHOT @ /Users/johnt/Documents/EnergyOS_Working/OpenESPI/espi_java/common/pom.xml.
2012-01-11 14:58:02,743 [Worker-2] WARN  o.e.m.c.i.embedder.EclipseLogger - The artifact aspectj:aspectjrt:jar:1.5.4 has been relocated to org.aspectj:aspectjrt:jar:1.5.4
2012-01-11 14:58:09,478 [Worker-8] INFO  o.e.m.i.launch.MavenLaunchDelegate - /Users/johnt/Documents/EnergyOS_Working/OpenESPI/espi_java/common
2012-01-11 14:58:09,478 [Worker-8] INFO  o.e.m.i.launch.MavenLaunchDelegate -  mvn -B clean
2012-01-11 14:58:22,150 [Worker-17] INFO  o.e.m.i.launch.MavenLaunchDelegate - /Users/johnt/Documents/EnergyOS_Working/OpenESPI/espi_java/common
2012-01-11 14:58:22,151 [Worker-17] INFO  o.e.m.i.launch.MavenLaunchDelegate -  mvn -B install
2012-01-11 15:02:49,380 [Worker-18] INFO  o.e.m.i.launch.MavenLaunchDelegate - /Users/johnt/Documents/EnergyOS_Working/OpenESPI/espi_java/common
2012-01-11 15:02:49,380 [Worker-18] INFO  o.e.m.i.launch.MavenLaunchDelegate -  mvn -B install
2012-01-11 16:17:13,379 [Worker-20] INFO  o.e.m.c.i.l.LifecycleMappingFactory - Using org.eclipse.m2e.jdt.JarLifecycleMapping lifecycle mapping for MavenProject: org.energyos.espi:common:0.1.0.BUILD-SNAPSHOT @ /Users/johnt/Documents/EnergyOS_Working/OpenESPI/espi_java/common/pom.xml.
2012-01-11 16:17:13,616 [Worker-20] WARN  o.e.m.c.i.embedder.EclipseLogger - The artifact aspectj:aspectjrt:jar:1.5.4 has been relocated to org.aspectj:aspectjrt:jar:1.5.4
2012-01-11 16:17:21,467 [Worker-20] INFO  o.e.m.i.launch.MavenLaunchDelegate - /Users/johnt/Documents/EnergyOS_Working/OpenESPI/espi_java/common
2012-01-11 16:17:21,468 [Worker-20] INFO  o.e.m.i.launch.MavenLaunchDelegate -  mvn -B install
2012-01-12 08:45:48,943 [Worker-85] INFO  o.e.m.c.i.l.LifecycleMappingFactory - Using org.maven.ide.eclipse.wtp.WarLifecycleMapping lifecycle mapping for MavenProject: org.energyos.espi.datacustodian:datacustodian:0.1.0.BUILD-SNAPSHOT @ /Users/johnt/Documents/EnergyOS_Working/OpenESPI/espi_java/DataCustodian/pom.xml.
2012-01-12 08:46:14,344 [Worker-86] INFO  o.e.m.c.i.l.LifecycleMappingFactory - Using org.maven.ide.eclipse.wtp.WarLifecycleMapping lifecycle mapping for MavenProject: org.energyos.espi.thirdparty:thirdparty:0.1.0.BUILD-SNAPSHOT @ /Users/johnt/Documents/EnergyOS_Working/OpenESPI/espi_java/ThirdParty/pom.xml.
2012-01-12 08:46:36,867 [Worker-77] INFO  o.e.m.c.i.l.LifecycleMappingFactory - Using org.maven.ide.eclipse.wtp.WarLifecycleMapping lifecycle mapping for MavenProject: org.energyos.espi.datacustodian:datacustodian:0.1.0.BUILD-SNAPSHOT @ /Users/johnt/Documents/EnergyOS_Working/OpenESPI/espi_java/DataCustodian/pom.xml.
2012-01-12 08:51:36,147 [Worker-88] INFO  o.e.m.c.i.l.LifecycleMappingFactory - Using org.eclipse.m2e.jdt.JarLifecycleMapping lifecycle mapping for MavenProject: org.energyos.espi:common:0.1.0.BUILD-SNAPSHOT @ /Users/johnt/Documents/EnergyOS_Working/OpenESPI/espi_java/common/pom.xml.
2012-01-12 08:51:36,356 [Worker-88] WARN  o.e.m.c.i.embedder.EclipseLogger - The artifact aspectj:aspectjrt:jar:1.5.4 has been relocated to org.aspectj:aspectjrt:jar:1.5.4
2012-01-12 08:53:15,243 [Worker-91] INFO  o.e.m.c.i.l.LifecycleMappingFactory - Using org.eclipse.m2e.jdt.JarLifecycleMapping lifecycle mapping for MavenProject: org.energyos.espi:common:0.1.0.BUILD-SNAPSHOT @ /Users/johnt/Documents/EnergyOS_Working/OpenESPI/espi_java/common/pom.xml.
2012-01-12 08:53:15,310 [Worker-91] WARN  o.e.m.c.i.embedder.EclipseLogger - The artifact aspectj:aspectjrt:jar:1.5.4 has been relocated to org.aspectj:aspectjrt:jar:1.5.4
2012-01-12 08:54:05,074 [Worker-89] INFO  o.e.m.c.i.embedder.EclipseLogger - Using 'UTF-8' encoding to copy filtered resources.
2012-01-12 08:54:05,199 [Worker-89] INFO  o.e.m.c.i.embedder.EclipseLogger - Copying 0 resource
2012-01-12 08:54:05,223 [Worker-89] INFO  o.e.m.c.i.embedder.EclipseLogger - Using 'UTF-8' encoding to copy filtered resources.
2012-01-12 08:54:05,224 [Worker-89] INFO  o.e.m.c.i.embedder.EclipseLogger - Copying 0 resource
2012-01-12 08:54:49,485 [Worker-77] INFO  o.e.m.c.i.l.LifecycleMappingFactory - Using org.eclipse.m2e.jdt.JarLifecycleMapping lifecycle mapping for MavenProject: org.energyos.espi:common:0.1.0.BUILD-SNAPSHOT @ /Users/johnt/Documents/EnergyOS_Working/OpenESPI/espi_java/common/pom.xml.
2012-01-12 08:54:49,555 [Worker-77] WARN  o.e.m.c.i.embedder.EclipseLogger - The artifact aspectj:aspectjrt:jar:1.5.4 has been relocated to org.aspectj:aspectjrt:jar:1.5.4
2012-01-12 08:54:55,283 [Worker-92] INFO  o.e.m.c.i.embedder.EclipseLogger - Using 'UTF-8' encoding to copy filtered resources.
2012-01-12 08:54:55,285 [Worker-92] INFO  o.e.m.c.i.embedder.EclipseLogger - Copying 0 resource
2012-01-12 08:54:55,286 [Worker-92] INFO  o.e.m.c.i.embedder.EclipseLogger - Using 'UTF-8' encoding to copy filtered resources.
2012-01-12 08:54:55,287 [Worker-92] INFO  o.e.m.c.i.embedder.EclipseLogger - Copying 0 resource
2012-01-12 08:55:20,557 [Worker-91] INFO  o.e.m.c.i.l.LifecycleMappingFactory - Using org.eclipse.m2e.jdt.JarLifecycleMapping lifecycle mapping for MavenProject: org.energyos.espi:common:0.1.0.BUILD-SNAPSHOT @ /Users/johnt/Documents/EnergyOS_Working/OpenESPI/espi_java/common/pom.xml.
2012-01-12 08:55:20,655 [Worker-91] WARN  o.e.m.c.i.embedder.EclipseLogger - The artifact aspectj:aspectjrt:jar:1.5.4 has been relocated to org.aspectj:aspectjrt:jar:1.5.4
2012-01-12 08:55:30,124 [Worker-92] INFO  o.e.m.c.i.embedder.EclipseLogger - Using 'UTF-8' encoding to copy filtered resources.
2012-01-12 08:55:30,125 [Worker-92] INFO  o.e.m.c.i.embedder.EclipseLogger - Copying 0 resource
2012-01-12 08:55:30,127 [Worker-92] INFO  o.e.m.c.i.embedder.EclipseLogger - Using 'UTF-8' encoding to copy filtered resources.
2012-01-12 08:55:30,127 [Worker-92] INFO  o.e.m.c.i.embedder.EclipseLogger - Copying 0 resource
2012-02-19 11:23:46,589 [Worker-7] INFO  o.e.m.c.i.i.nexus.NexusIndexManager - Updating index for repository: central|http://repo1.maven.org/maven2
2012-02-19 11:24:06,773 [Worker-8] INFO  o.e.m.c.i.l.LifecycleMappingFactory - Using org.maven.ide.eclipse.wtp.WarLifecycleMapping lifecycle mapping for MavenProject: org.energyos.espi.datacustodian:datacustodian:0.1.0.BUILD-SNAPSHOT @ /home/user1/workspace/DataCustodian/pom.xml.
2012-02-19 11:24:11,849 [Worker-8] INFO  o.e.m.c.i.l.LifecycleMappingFactory - Using org.maven.ide.eclipse.wtp.WarLifecycleMapping lifecycle mapping for MavenProject: org.energyos.espi.thirdparty:thirdparty:0.1.0.BUILD-SNAPSHOT @ /home/user1/workspace/ThirdParty/pom.xml.
2012-02-19 11:24:11,929 [Worker-8] INFO  o.e.m.c.i.l.LifecycleMappingFactory - Using org.eclipse.m2e.jdt.JarLifecycleMapping lifecycle mapping for MavenProject: org.energyos.espi:common:0.1.0.BUILD-SNAPSHOT @ /home/user1/workspace/common/pom.xml.
2012-02-19 11:24:11,941 [Worker-8] WARN  o.e.m.c.i.embedder.EclipseLogger - The artifact aspectj:aspectjrt:jar:1.5.4 has been relocated to org.aspectj:aspectjrt:jar:1.5.4
2012-02-19 11:24:29,860 [Worker-7] INFO  o.e.m.c.i.i.nexus.NexusIndexManager - Updated index for repository: central|http://repo1.maven.org/maven2 in 43279 ms
