-encoding
UTF-8
-outxml
-source
1.6
-target
1.6
-classpath
/Users/johnt/.m2/repository/antlr/antlr/2.7.6/antlr-2.7.6.jar:/Users/johnt/.m2/repository/aopalliance/aopalliance/1.0/aopalliance-1.0.jar:/Users/johnt/.m2/repository/asm/asm/3.1/asm-3.1.jar:/Users/johnt/.m2/repository/cglib/cglib/2.2/cglib-2.2.jar:/Users/johnt/.m2/repository/cglib/cglib-nodep/2.2/cglib-nodep-2.2.jar:/Users/johnt/.m2/repository/cglib/cglib-nodep/2.2/cglib-nodep-2.2.jar:/Users/johnt/.m2/repository/com/sun/xml/bind/jaxb-impl/2.2.1.1/jaxb-impl-2.2.1.1.jar:/Users/johnt/.m2/repository/commons-beanutils/commons-beanutils/1.8.0/commons-beanutils-1.8.0.jar:/Users/johnt/.m2/repository/commons-codec/commons-codec/1.4/commons-codec-1.4.jar:/Users/johnt/.m2/repository/commons-codec/commons-codec/1.4/commons-codec-1.4.jar:/Users/johnt/.m2/repository/commons-collections/commons-collections/3.1/commons-collections-3.1.jar:/Users/johnt/.m2/repository/commons-dbcp/commons-dbcp/1.3/commons-dbcp-1.3.jar:/Users/johnt/.m2/repository/commons-dbcp/commons-dbcp/1.3/commons-dbcp-1.3.jar:/Users/johnt/.m2/repository/commons-digester/commons-digester/2.0/commons-digester-2.0.jar:/Users/johnt/.m2/repository/commons-digester/commons-digester/2.0/commons-digester-2.0.jar:/Users/johnt/.m2/repository/commons-fileupload/commons-fileupload/1.2.1/commons-fileupload-1.2.1.jar:/Users/johnt/.m2/repository/commons-fileupload/commons-fileupload/1.2.1/commons-fileupload-1.2.1.jar:/Users/johnt/.m2/repository/commons-lang/commons-lang/2.3/commons-lang-2.3.jar:/Users/johnt/.m2/repository/commons-logging/commons-logging/1.1.1/commons-logging-1.1.1.jar:/Users/johnt/.m2/repository/commons-pool/commons-pool/1.5.4/commons-pool-1.5.4.jar:/Users/johnt/.m2/repository/commons-pool/commons-pool/1.5.4/commons-pool-1.5.4.jar:/Users/johnt/.m2/repository/dom4j/dom4j/1.6.1/dom4j-1.6.1.jar:/Users/johnt/.m2/repository/javassist/javassist/3.12.0.GA/javassist-3.12.0.GA.jar:/Users/johnt/.m2/repository/javax/activation/activation/1.1/activation-1.1.jar:/Users/johnt/.m2/repository/javax/el/el-api/1.0/el-api-1.0.jar:/Users/johnt/.m2/repository/javax/el/el-api/1.0/el-api-1.0.jar:/Users/johnt/.m2/repository/javax/servlet/servlet-api/2.5/servlet-api-2.5.jar:/Users/johnt/.m2/repository/javax/servlet/jsp/jsp-api/2.1/jsp-api-2.1.jar:/Users/johnt/.m2/repository/javax/servlet/jsp/jsp-api/2.1/jsp-api-2.1.jar:/Users/johnt/.m2/repository/javax/servlet/jsp/jstl/jstl-api/1.2/jstl-api-1.2.jar:/Users/johnt/.m2/repository/javax/servlet/jsp/jstl/jstl-api/1.2/jstl-api-1.2.jar:/Users/johnt/.m2/repository/javax/transaction/jta/1.1/jta-1.1.jar:/Users/johnt/.m2/repository/javax/transaction/jta/1.1/jta-1.1.jar:/Users/johnt/.m2/repository/javax/validation/validation-api/1.0.0.GA/validation-api-1.0.0.GA.jar:/Users/johnt/.m2/repository/javax/validation/validation-api/1.0.0.GA/validation-api-1.0.0.GA.jar:/Users/johnt/.m2/repository/javax/ws/rs/jsr311-api/1.1.1/jsr311-api-1.1.1.jar:/Users/johnt/.m2/repository/javax/xml/bind/jaxb-api/2.2/jaxb-api-2.2.jar:/Users/johnt/.m2/repository/javax/xml/stream/stax-api/1.0-2/stax-api-1.0-2.jar:/Users/johnt/.m2/repository/joda-time/joda-time/1.6/joda-time-1.6.jar:/Users/johnt/.m2/repository/junit/junit/4.8.2/junit-4.8.2.jar:/Users/johnt/.m2/repository/log4j/log4j/1.2.16/log4j-1.2.16.jar:/Users/johnt/.m2/repository/net/sf/flexjson/flexjson/2.1/flexjson-2.1.jar:/Users/johnt/.m2/repository/org/apache/geronimo/specs/geronimo-annotation_1.1_spec/1.0/geronimo-annotation_1.1_spec-1.0.jar:/Users/johnt/.m2/repository/org/apache/tiles/tiles-api/2.2.1/tiles-api-2.2.1.jar:/Users/johnt/.m2/repository/org/apache/tiles/tiles-core/2.2.1/tiles-core-2.2.1.jar:/Users/johnt/.m2/repository/org/apache/tiles/tiles-core/2.2.1/tiles-core-2.2.1.jar:/Users/johnt/.m2/repository/org/apache/tiles/tiles-jsp/2.2.1/tiles-jsp-2.2.1.jar:/Users/johnt/.m2/repository/org/apache/tiles/tiles-servlet/2.2.1/tiles-servlet-2.2.1.jar:/Users/johnt/.m2/repository/org/apache/tiles/tiles-template/2.2.1/tiles-template-2.2.1.jar:/Users/johnt/.m2/repository/org/apache/wink/wink-client/1.1.3-incubating/wink-client-1.1.3-incubating.jar:/Users/johnt/.m2/repository/org/apache/wink/wink-common/1.1.3-incubating/wink-common-1.1.3-incubating.jar:/Users/johnt/.m2/repository/org/apache/wink/wink-server/1.1.3-incubating/wink-server-1.1.3-incubating.jar:/Users/johnt/.m2/repository/org/aspectj/aspectjrt/1.6.11/aspectjrt-1.6.11.jar:/Users/johnt/.m2/repository/org/aspectj/aspectjweaver/1.6.11/aspectjweaver-1.6.11.jar:/Users/johnt/.m2/repository/org/energyos/espi/common/0.1.0.BUILD-SNAPSHOT/common-0.1.0.BUILD-SNAPSHOT.jar:/Users/johnt/.m2/repository/org/glassfish/web/jstl-impl/1.2/jstl-impl-1.2.jar:/Users/johnt/.m2/repository/org/glassfish/web/jstl-impl/1.2/jstl-impl-1.2.jar:/Users/johnt/.m2/repository/org/hibernate/hibernate-commons-annotations/3.2.0.Final/hibernate-commons-annotations-3.2.0.Final.jar:/Users/johnt/.m2/repository/org/hibernate/hibernate-core/3.6.4.Final/hibernate-core-3.6.4.Final.jar:/Users/johnt/.m2/repository/org/hibernate/hibernate-core/3.6.4.Final/hibernate-core-3.6.4.Final.jar:/Users/johnt/.m2/repository/org/hibernate/hibernate-entitymanager/3.6.4.Final/hibernate-entitymanager-3.6.4.Final.jar:/Users/johnt/.m2/repository/org/hibernate/hibernate-entitymanager/3.6.4.Final/hibernate-entitymanager-3.6.4.Final.jar:/Users/johnt/.m2/repository/org/hibernate/hibernate-validator/4.1.0.Final/hibernate-validator-4.1.0.Final.jar:/Users/johnt/.m2/repository/org/hibernate/hibernate-validator/4.1.0.Final/hibernate-validator-4.1.0.Final.jar:/Users/johnt/.m2/repository/org/hibernate/javax/persistence/hibernate-jpa-2.0-api/1.0.0.Final/hibernate-jpa-2.0-api-1.0.0.Final.jar:/Users/johnt/.m2/repository/org/hibernate/javax/persistence/hibernate-jpa-2.0-api/1.0.0.Final/hibernate-jpa-2.0-api-1.0.0.Final.jar:/Users/johnt/.m2/repository/org/hsqldb/hsqldb/1.8.0.10/hsqldb-1.8.0.10.jar:/Users/johnt/.m2/repository/org/hsqldb/hsqldb/1.8.0.10/hsqldb-1.8.0.10.jar:/Users/johnt/.m2/repository/org/slf4j/jcl-over-slf4j/1.6.1/jcl-over-slf4j-1.6.1.jar:/Users/johnt/.m2/repository/org/slf4j/slf4j-api/1.6.1/slf4j-api-1.6.1.jar:/Users/johnt/.m2/repository/org/slf4j/slf4j-log4j12/1.6.1/slf4j-log4j12-1.6.1.jar:/Users/johnt/.m2/repository/org/springframework/spring-aop/3.0.5.RELEASE/spring-aop-3.0.5.RELEASE.jar:/Users/johnt/.m2/repository/org/springframework/spring-asm/3.0.5.RELEASE/spring-asm-3.0.5.RELEASE.jar:/Users/johnt/.m2/repository/org/springframework/spring-aspects/3.0.5.RELEASE/spring-aspects-3.0.5.RELEASE.jar:/Users/johnt/.m2/repository/org/springframework/spring-beans/3.0.5.RELEASE/spring-beans-3.0.5.RELEASE.jar:/Users/johnt/.m2/repository/org/springframework/spring-context/3.0.5.RELEASE/spring-context-3.0.5.RELEASE.jar:/Users/johnt/.m2/repository/org/springframework/spring-context-support/3.0.5.RELEASE/spring-context-support-3.0.5.RELEASE.jar:/Users/johnt/.m2/repository/org/springframework/spring-core/3.0.5.RELEASE/spring-core-3.0.5.RELEASE.jar:/Users/johnt/.m2/repository/org/springframework/spring-expression/3.0.5.RELEASE/spring-expression-3.0.5.RELEASE.jar:/Users/johnt/.m2/repository/org/springframework/spring-jdbc/3.0.5.RELEASE/spring-jdbc-3.0.5.RELEASE.jar:/Users/johnt/.m2/repository/org/springframework/spring-jdbc/3.0.5.RELEASE/spring-jdbc-3.0.5.RELEASE.jar:/Users/johnt/.m2/repository/org/springframework/spring-orm/3.0.5.RELEASE/spring-orm-3.0.5.RELEASE.jar:/Users/johnt/.m2/repository/org/springframework/spring-orm/3.0.5.RELEASE/spring-orm-3.0.5.RELEASE.jar:/Users/johnt/.m2/repository/org/springframework/spring-test/3.0.5.RELEASE/spring-test-3.0.5.RELEASE.jar:/Users/johnt/.m2/repository/org/springframework/spring-tx/3.0.5.RELEASE/spring-tx-3.0.5.RELEASE.jar:/Users/johnt/.m2/repository/org/springframework/spring-web/3.0.5.RELEASE/spring-web-3.0.5.RELEASE.jar:/Users/johnt/.m2/repository/org/springframework/spring-web/3.0.5.RELEASE/spring-web-3.0.5.RELEASE.jar:/Users/johnt/.m2/repository/org/springframework/spring-webmvc/3.0.5.RELEASE/spring-webmvc-3.0.5.RELEASE.jar:/Users/johnt/.m2/repository/org/springframework/spring-webmvc/3.0.5.RELEASE/spring-webmvc-3.0.5.RELEASE.jar:/Users/johnt/.m2/repository/org/springframework/roo/org.springframework.roo.annotations/1.1.5.RELEASE/org.springframework.roo.annotations-1.1.5.RELEASE.jar:/Users/johnt/.m2/repository/org/springframework/webflow/spring-js-resources/2.2.1.RELEASE/spring-js-resources-2.2.1.RELEASE.jar:/Users/johnt/.m2/repository/org/springframework/webflow/spring-js-resources/2.2.1.RELEASE/spring-js-resources-2.2.1.RELEASE.jar:/Users/johnt/Documents/EnergyOS_Working/OpenESPI/espi_java/DataCustodian/target/classes
-aspectpath
/Users/johnt/.m2/repository/org/springframework/spring-aspects/3.0.5.RELEASE/spring-aspects-3.0.5.RELEASE.jar
-d
/Users/johnt/Documents/EnergyOS_Working/OpenESPI/espi_java/DataCustodian/target/classes
/Users/johnt/Documents/EnergyOS_Working/OpenESPI/espi_java/DataCustodian/src/main/java/org/energyos/espi/datacustodian/domain/MeterReading.java
/Users/johnt/Documents/EnergyOS_Working/OpenESPI/espi_java/DataCustodian/src/main/java/org/energyos/espi/datacustodian/domain/RetailCustomer.java
/Users/johnt/Documents/EnergyOS_Working/OpenESPI/espi_java/DataCustodian/src/main/java/org/energyos/espi/datacustodian/web/ThirdPartyController.java
/Users/johnt/Documents/EnergyOS_Working/OpenESPI/espi_java/DataCustodian/src/main/java/org/energyos/espi/datacustodian/web/ApplicationConversionServiceFactoryBean.java
/Users/johnt/Documents/EnergyOS_Working/OpenESPI/espi_java/DataCustodian/src/main/java/org/energyos/espi/datacustodian/domain/UsagePoint_Roo_ToString.aj
/Users/johnt/Documents/EnergyOS_Working/OpenESPI/espi_java/DataCustodian/src/main/java/org/energyos/espi/datacustodian/web/IntervalReadingController.java
/Users/johnt/Documents/EnergyOS_Working/OpenESPI/espi_java/DataCustodian/src/main/java/org/energyos/espi/datacustodian/web/DataCustodianController_Roo_Controller.aj
/Users/johnt/Documents/EnergyOS_Working/OpenESPI/espi_java/DataCustodian/src/main/java/org/energyos/espi/datacustodian/domain/IntervalReading_Roo_Entity.aj
/Users/johnt/Documents/EnergyOS_Working/OpenESPI/espi_java/DataCustodian/src/main/java/org/energyos/espi/datacustodian/web/RetailCustomer.java
/Users/johnt/Documents/EnergyOS_Working/OpenESPI/espi_java/DataCustodian/src/main/java/org/energyos/espi/datacustodian/domain/RetailCustomer_Roo_ToString.aj
/Users/johnt/Documents/EnergyOS_Working/OpenESPI/espi_java/DataCustodian/src/main/java/org/energyos/espi/datacustodian/web/DataCustodianController.java
/Users/johnt/Documents/EnergyOS_Working/OpenESPI/espi_java/DataCustodian/src/main/java/org/energyos/espi/datacustodian/domain/DataCustodian_Roo_Configurable.aj
/Users/johnt/Documents/EnergyOS_Working/OpenESPI/espi_java/DataCustodian/src/main/java/org/energyos/espi/datacustodian/web/RetailCustomerController_Roo_Controller.aj
/Users/johnt/Documents/EnergyOS_Working/OpenESPI/espi_java/DataCustodian/src/main/java/org/energyos/espi/datacustodian/reference/DataCustodianType.java
/Users/johnt/Documents/EnergyOS_Working/OpenESPI/espi_java/DataCustodian/src/main/java/org/energyos/espi/datacustodian/domain/DataCustodian_Roo_JavaBean.aj
/Users/johnt/Documents/EnergyOS_Working/OpenESPI/espi_java/DataCustodian/src/main/java/org/energyos/espi/datacustodian/domain/TimeAttributeType.java
/Users/johnt/Documents/EnergyOS_Working/OpenESPI/espi_java/DataCustodian/src/main/java/org/energyos/espi/datacustodian/domain/IntervalReading_Roo_Configurable.aj
/Users/johnt/Documents/EnergyOS_Working/OpenESPI/espi_java/DataCustodian/src/main/java/org/energyos/espi/datacustodian/domain/UsagePoint_Roo_Entity.aj
/Users/johnt/Documents/EnergyOS_Working/OpenESPI/espi_java/DataCustodian/src/main/java/org/energyos/espi/datacustodian/domain/KindType.java
/Users/johnt/Documents/EnergyOS_Working/OpenESPI/espi_java/DataCustodian/src/main/java/org/energyos/espi/datacustodian/web/ThirdPartyController_Roo_Controller.aj
/Users/johnt/Documents/EnergyOS_Working/OpenESPI/espi_java/DataCustodian/src/main/java/org/energyos/espi/datacustodian/domain/DataCustodian.java
/Users/johnt/Documents/EnergyOS_Working/OpenESPI/espi_java/DataCustodian/src/main/java/org/energyos/espi/datacustodian/domain/AtaQualifierType.java
/Users/johnt/Documents/EnergyOS_Working/OpenESPI/espi_java/DataCustodian/src/main/java/org/energyos/espi/datacustodian/web/UsagePointController_Roo_Controller.aj
/Users/johnt/Documents/EnergyOS_Working/OpenESPI/espi_java/DataCustodian/src/main/java/org/energyos/espi/datacustodian/domain/MeterReadingType.java
/Users/johnt/Documents/EnergyOS_Working/OpenESPI/espi_java/DataCustodian/src/main/java/org/energyos/espi/datacustodian/domain/UsagePoint.java
/Users/johnt/Documents/EnergyOS_Working/OpenESPI/espi_java/DataCustodian/src/main/java/org/energyos/espi/datacustodian/domain/ThirdParty_Roo_JavaBean.aj
/Users/johnt/Documents/EnergyOS_Working/OpenESPI/espi_java/DataCustodian/src/main/java/org/energyos/espi/datacustodian/web/MeterReadingController.java
/Users/johnt/Documents/EnergyOS_Working/OpenESPI/espi_java/DataCustodian/src/main/java/org/energyos/espi/datacustodian/web/UsagePointController.java
/Users/johnt/Documents/EnergyOS_Working/OpenESPI/espi_java/DataCustodian/src/main/java/org/energyos/espi/datacustodian/domain/UsagePointAsset.java
/Users/johnt/Documents/EnergyOS_Working/OpenESPI/espi_java/DataCustodian/src/main/java/org/energyos/espi/datacustodian/domain/ThirdParty_Roo_ToString.aj
/Users/johnt/Documents/EnergyOS_Working/OpenESPI/espi_java/DataCustodian/src/main/java/org/energyos/espi/datacustodian/domain/AccumulatedBehaviourType.java
/Users/johnt/Documents/EnergyOS_Working/OpenESPI/espi_java/DataCustodian/src/main/java/org/energyos/espi/datacustodian/domain/IntervalReading.java
/Users/johnt/Documents/EnergyOS_Working/OpenESPI/espi_java/DataCustodian/src/main/java/org/energyos/espi/datacustodian/web/MeterReadingController_Roo_Controller.aj
/Users/johnt/Documents/EnergyOS_Working/OpenESPI/espi_java/DataCustodian/src/main/java/org/energyos/espi/datacustodian/web/IntervalReadingController_Roo_Controller.aj
/Users/johnt/Documents/EnergyOS_Working/OpenESPI/espi_java/DataCustodian/src/main/java/org/energyos/espi/datacustodian/domain/ThirdParty_Roo_Configurable.aj
/Users/johnt/Documents/EnergyOS_Working/OpenESPI/espi_java/DataCustodian/src/main/java/org/energyos/espi/datacustodian/domain/MeterReading_Roo_Entity.aj
/Users/johnt/Documents/EnergyOS_Working/OpenESPI/espi_java/DataCustodian/src/main/java/org/energyos/espi/datacustodian/domain/IntervalReading_Roo_JavaBean.aj
/Users/johnt/Documents/EnergyOS_Working/OpenESPI/espi_java/DataCustodian/src/main/java/org/energyos/espi/datacustodian/domain/RetailCustomer_Roo_Entity.aj
/Users/johnt/Documents/EnergyOS_Working/OpenESPI/espi_java/DataCustodian/src/main/java/org/energyos/espi/datacustodian/web/UsagePointAsset.java
/Users/johnt/Documents/EnergyOS_Working/OpenESPI/espi_java/DataCustodian/src/main/java/org/energyos/espi/datacustodian/web/MeterReading.java
/Users/johnt/Documents/EnergyOS_Working/OpenESPI/espi_java/DataCustodian/src/main/java/org/energyos/espi/datacustodian/domain/RetailCustomer_Roo_Configurable.aj
/Users/johnt/Documents/EnergyOS_Working/OpenESPI/espi_java/DataCustodian/src/main/java/org/energyos/espi/datacustodian/web/UsagePointAssetController_Roo_Controller.aj
/Users/johnt/Documents/EnergyOS_Working/OpenESPI/espi_java/DataCustodian/src/main/java/org/energyos/espi/datacustodian/domain/DataCustodian_Roo_ToString.aj
/Users/johnt/Documents/EnergyOS_Working/OpenESPI/espi_java/DataCustodian/src/main/java/org/energyos/espi/datacustodian/domain/MeterReading_Roo_Configurable.aj
/Users/johnt/Documents/EnergyOS_Working/OpenESPI/espi_java/DataCustodian/src/main/java/org/energyos/espi/datacustodian/domain/UsagePoint_Roo_JavaBean.aj
/Users/johnt/Documents/EnergyOS_Working/OpenESPI/espi_java/DataCustodian/src/main/java/org/energyos/espi/datacustodian/domain/UsagePointAsset_Roo_JavaBean.aj
/Users/johnt/Documents/EnergyOS_Working/OpenESPI/espi_java/DataCustodian/src/main/java/org/energyos/espi/datacustodian/web/UsagePointAssetController.java
/Users/johnt/Documents/EnergyOS_Working/OpenESPI/espi_java/DataCustodian/src/main/java/org/energyos/espi/datacustodian/domain/CommodityType.java
/Users/johnt/Documents/EnergyOS_Working/OpenESPI/espi_java/DataCustodian/src/main/java/org/energyos/espi/datacustodian/domain/ThirdParty.java
/Users/johnt/Documents/EnergyOS_Working/OpenESPI/espi_java/DataCustodian/src/main/java/org/energyos/espi/datacustodian/domain/ThirdParty_Roo_Entity.aj
/Users/johnt/Documents/EnergyOS_Working/OpenESPI/espi_java/DataCustodian/src/main/java/org/energyos/espi/datacustodian/domain/PhaseCode.java
/Users/johnt/Documents/EnergyOS_Working/OpenESPI/espi_java/DataCustodian/src/main/java/org/energyos/espi/datacustodian/domain/MeterReading_Roo_ToString.aj
/Users/johnt/Documents/EnergyOS_Working/OpenESPI/espi_java/DataCustodian/src/main/java/org/energyos/espi/datacustodian/domain/MeterReading_Roo_JavaBean.aj
/Users/johnt/Documents/EnergyOS_Working/OpenESPI/espi_java/DataCustodian/src/main/java/org/energyos/espi/datacustodian/web/IntervalReading.java
/Users/johnt/Documents/EnergyOS_Working/OpenESPI/espi_java/DataCustodian/src/main/java/org/energyos/espi/datacustodian/web/RetailCustomerController.java
/Users/johnt/Documents/EnergyOS_Working/OpenESPI/espi_java/DataCustodian/src/main/java/org/energyos/espi/datacustodian/domain/DataCustodian_Roo_Entity.aj
/Users/johnt/Documents/EnergyOS_Working/OpenESPI/espi_java/DataCustodian/src/main/java/org/energyos/espi/datacustodian/domain/UsagePoint_Roo_Configurable.aj
/Users/johnt/Documents/EnergyOS_Working/OpenESPI/espi_java/DataCustodian/src/main/java/org/energyos/espi/datacustodian/domain/CurrencyCode.java
/Users/johnt/Documents/EnergyOS_Working/OpenESPI/espi_java/DataCustodian/src/main/java/org/energyos/espi/datacustodian/web/ApplicationConversionServiceFactoryBean_Roo_ConversionService.aj
/Users/johnt/Documents/EnergyOS_Working/OpenESPI/espi_java/DataCustodian/src/main/java/org/energyos/espi/datacustodian/domain/RetailCustomer_Roo_JavaBean.aj
/Users/johnt/Documents/EnergyOS_Working/OpenESPI/espi_java/DataCustodian/src/main/java/org/energyos/espi/datacustodian/domain/UsagePointAsset_Roo_Configurable.aj
/Users/johnt/Documents/EnergyOS_Working/OpenESPI/espi_java/DataCustodian/src/main/java/org/energyos/espi/datacustodian/web/ThirdParty.java
/Users/johnt/Documents/EnergyOS_Working/OpenESPI/espi_java/DataCustodian/src/main/java/org/energyos/espi/datacustodian/domain/UsagePointAsset_Roo_Entity.aj
/Users/johnt/Documents/EnergyOS_Working/OpenESPI/espi_java/DataCustodian/src/main/java/org/energyos/espi/datacustodian/web/UsagePoint.java
/Users/johnt/Documents/EnergyOS_Working/OpenESPI/espi_java/DataCustodian/src/main/java/org/energyos/espi/datacustodian/domain/UomType.java
/Users/johnt/Documents/EnergyOS_Working/OpenESPI/espi_java/DataCustodian/src/main/java/org/energyos/espi/datacustodian/domain/QualityOfReading.java
/Users/johnt/Documents/EnergyOS_Working/OpenESPI/espi_java/DataCustodian/src/main/java/org/energyos/espi/datacustodian/domain/UsagePointAsset_Roo_ToString.aj
/Users/johnt/Documents/EnergyOS_Working/OpenESPI/espi_java/DataCustodian/src/main/java/org/energyos/espi/datacustodian/domain/IntervalReading_Roo_ToString.aj
/Users/johnt/Documents/EnergyOS_Working/OpenESPI/espi_java/DataCustodian/src/main/java/org/energyos/espi/datacustodian/domain/FlowDirectionType.java
